<?xml version="1.0" encoding="UTF-8"?>
<!-- Generated by org.testng.reporters.JUnitReportReporter -->
<testsuite skipped="0" hostname="Sureshkumars-MacBook-Pro.local" name="com.docker.test.DemoTest" tests="1" failures="0" timestamp="05 May 2020 04:11:28 GMT" time="9.982" errors="0">
  <testcase name="Test1" time="9.982" classname="com.docker.test.DemoTest"/>
</testsuite> <!-- com.docker.test.DemoTest -->
